[28-Oct-2025 18:56:52 UTC] PHP Fatal error:  Uncaught Exception: Invalid product. in /Users/mac/Sites/BuzzerPlayer/wp-content/plugins/woocommerce/includes/data-stores/class-wc-product-data-store-cpt.php:275
Stack trace:
#0 /Users/mac/Sites/BuzzerPlayer/wp-content/plugins/woocommerce/includes/class-wc-data-store.php(159): WC_Product_Data_Store_CPT->read(Object(WC_Product))
#1 /Users/mac/Sites/BuzzerPlayer/wp-content/plugins/woocommerce/includes/abstracts/abstract-wc-product.php(146): WC_Data_Store->read(Object(WC_Product))
#2 /Users/mac/Sites/BuzzerPlayer/wp-content/themes/buzzerplayer/functions.php(605): WC_Product->__construct(329)
#3 /Users/mac/Sites/BuzzerPlayer/wp-includes/class-wp-hook.php(324): refresh_audio_action('')
#4 /Users/mac/Sites/BuzzerPlayer/wp-includes/class-wp-hook.php(348): WP_Hook->apply_filters('', Array)
#5 /Users/mac/Sites/BuzzerPlayer/wp-includes/plugin.php(517): WP_Hook->do_action(Array)
#6 /Users/mac/Sites/BuzzerPlayer/wp-admin/admin-ajax.php(207): do_action('wp_ajax_nopriv_...')
#7 {main}
  thrown in /Users/mac/Sites/BuzzerPlayer/wp-content/plugins/woocommerce/includes/data-stores/class-wc-product-data-store-cpt.php on line 275
[28-Oct-2025 19:05:57 UTC] PHP Fatal error:  Uncaught Error: Call to undefined function is_empty() in /Users/mac/Sites/BuzzerPlayer/wp-content/themes/buzzerplayer/single-product.php:157
Stack trace:
#0 /Users/mac/Sites/BuzzerPlayer/wp-includes/template-loader.php(106): include()
#1 /Users/mac/Sites/BuzzerPlayer/wp-blog-header.php(19): require_once('/Users/mac/Site...')
#2 /Users/mac/Sites/BuzzerPlayer/index.php(17): require('/Users/mac/Site...')
#3 {main}
  thrown in /Users/mac/Sites/BuzzerPlayer/wp-content/themes/buzzerplayer/single-product.php on line 157
[30-Oct-2025 21:36:20 UTC] PHP Deprecated:  Stripe\StripeTaxForWooCommerce\WooCommerce\StripeTax::throw_duplicate_country_exception(): Implicitly marking parameter $region as nullable is deprecated, the explicit nullable type must be used instead in /Users/mac/Sites/BuzzerPlayer/wp-content/plugins/stripe-tax-for-woocommerce/WooCommerce/class-stripetax.php on line 469
[01-Nov-2025 21:15:52 UTC] PHP Warning:  Undefined variable $query in /Users/mac/Sites/BuzzerPlayer/wp-content/themes/buzzerplayer/functions.php on line 549
[01-Nov-2025 21:15:52 UTC] PHP Warning:  Attempt to read property "max_num_pages" on null in /Users/mac/Sites/BuzzerPlayer/wp-content/themes/buzzerplayer/functions.php on line 549
[08-Nov-2025 17:45:44 UTC] Automatic updates starting...
[08-Nov-2025 17:45:45 UTC]   Automatic plugin updates starting...
[08-Nov-2025 17:45:45 UTC]   Automatic plugin updates complete.
[08-Nov-2025 17:45:45 UTC] Automatic updates complete.
[08-Nov-2025 17:46:10 UTC] PHP Fatal error:  Maximum execution time of 30 seconds exceeded in /Users/mac/Sites/BuzzerPlayer/wp-includes/Requests/src/Transport/Curl.php on line 204
[08-Nov-2025 17:51:59 UTC] PHP Deprecated:  Stripe\StripeTaxForWooCommerce\WooCommerce\StripeTax::throw_duplicate_country_exception(): Implicitly marking parameter $region as nullable is deprecated, the explicit nullable type must be used instead in /Users/mac/Sites/BuzzerPlayer/wp-content/plugins/stripe-tax-for-woocommerce/WooCommerce/class-stripetax.php on line 469
[08-Nov-2025 17:52:46 UTC] PHP Deprecated:  Sabberworm\CSS\Parser::__construct(): Implicitly marking parameter $oParserSettings as nullable is deprecated, the explicit nullable type must be used instead in /Users/mac/Sites/BuzzerPlayer/wp-content/plugins/woocommerce/vendor/sabberworm/php-css-parser/src/Parser.php on line 24
[08-Nov-2025 17:52:46 UTC] PHP Deprecated:  Sabberworm\CSS\CSSList\Document::render(): Implicitly marking parameter $oOutputFormat as nullable is deprecated, the explicit nullable type must be used instead in /Users/mac/Sites/BuzzerPlayer/wp-content/plugins/woocommerce/vendor/sabberworm/php-css-parser/src/CSSList/Document.php on line 158
[08-Nov-2025 17:52:46 UTC] PHP Deprecated:  Sabberworm\CSS\RuleSet\RuleSet::addRule(): Implicitly marking parameter $oSibling as nullable is deprecated, the explicit nullable type must be used instead in /Users/mac/Sites/BuzzerPlayer/wp-content/plugins/woocommerce/vendor/sabberworm/php-css-parser/src/RuleSet/RuleSet.php on line 105
